# JRE version: OpenJDK Runtime Environment Temurin-17.0.3+7 (17.0.3+7) (build 17.0.3+7)
# Java VM: OpenJDK 64-Bit Server VM Temurin-17.0.3+7 (17.0.3+7, mixed mode, tiered, compressed oops, compressed class ptrs, parallel gc, linux-amd64)
GC Precious Log:
 CPUs: 8 total, 8 available
 Memory: 15808M
 Large Page Support: Disabled
 NUMA Support: Disabled
 Compressed Oops: Enabled (32-bit)
 Alignments: Space 512K, Generation 512K, Heap 2M
 Heap Min Capacity: 100M
 Heap Initial Capacity: 100M
 Heap Max Capacity: 1G
 Pre-touch: Disabled
 Parallel Workers: 8
Heap:
 PSYoungGen      total 5120K, used 4866K [0x00000000eab00000, 0x00000000eb200000, 0x0000000100000000)
  eden space 3072K, 99% used [0x00000000eab00000,0x00000000eadf9448,0x00000000eae00000)
  from space 2048K, 88% used [0x00000000eae00000,0x00000000eafc7588,0x00000000eb000000)
  to   space 2048K, 53% used [0x00000000eb000000,0x00000000eb113ac0,0x00000000eb200000)
 ParOldGen       total 396288K, used 380341K [0x00000000c0000000, 0x00000000d8300000, 0x00000000eab00000)
  object space 396288K, 95% used [0x00000000c0000000,0x00000000d736d4b8,0x00000000d8300000)
 Metaspace       used 99378K, committed 100544K, reserved 1138688K
  class space    used 10779K, committed 11328K, reserved 1048576K
GC Heap History (20 events):
Event: 6218.526 GC heap after
{Heap after GC invocations=4404 (full 111):
 PSYoungGen      total 5632K, used 3584K [0x00000000eab00000, 0x00000000ebb00000, 0x0000000100000000)
  eden space 2048K, 0% used [0x00000000eab00000,0x00000000eab00000,0x00000000ead00000)
  from space 3584K, 100% used [0x00000000eb280000,0x00000000eb600000,0x00000000eb600000)
  to   space 5632K, 0% used [0x00000000ead00000,0x00000000ead00000,0x00000000eb280000)
 ParOldGen       total 403456K, used 402405K [0x00000000c0000000, 0x00000000d8a00000, 0x00000000eab00000)
  object space 403456K, 99% used [0x00000000c0000000,0x00000000d88f9400,0x00000000d8a00000)
 Metaspace       used 99376K, committed 100544K, reserved 1138688K
  class space    used 10779K, committed 11328K, reserved 1048576K
}
Event: 6218.526 GC heap before
{Heap before GC invocations=4405 (full 112):
 PSYoungGen      total 5632K, used 3584K [0x00000000eab00000, 0x00000000ebb00000, 0x0000000100000000)
  eden space 2048K, 0% used [0x00000000eab00000,0x00000000eab00000,0x00000000ead00000)
  from space 3584K, 100% used [0x00000000eb280000,0x00000000eb600000,0x00000000eb600000)
  to   space 5632K, 0% used [0x00000000ead00000,0x00000000ead00000,0x00000000eb280000)
 ParOldGen       total 403456K, used 402405K [0x00000000c0000000, 0x00000000d8a00000, 0x00000000eab00000)
  object space 403456K, 99% used [0x00000000c0000000,0x00000000d88f9400,0x00000000d8a00000)
 Metaspace       used 99376K, committed 100544K, reserved 1138688K
  class space    used 10779K, committed 11328K, reserved 1048576K
}
Event: 6218.589 GC heap after
{Heap after GC invocations=4405 (full 112):
 PSYoungGen      total 7680K, used 0K [0x00000000eab00000, 0x00000000eb880000, 0x0000000100000000)
  eden space 2048K, 0% used [0x00000000eab00000,0x00000000eab00000,0x00000000ead00000)
  from space 5632K, 0% used [0x00000000ead00000,0x00000000ead00000,0x00000000eb280000)
  to   space 5632K, 0% used [0x00000000eb300000,0x00000000eb300000,0x00000000eb880000)
 ParOldGen       total 396288K, used 362877K [0x00000000c0000000, 0x00000000d8300000, 0x00000000eab00000)
  object space 396288K, 91% used [0x00000000c0000000,0x00000000d625f5a0,0x00000000d8300000)
 Metaspace       used 99376K, committed 100544K, reserved 1138688K
  class space    used 10779K, committed 11328K, reserved 1048576K
}
Event: 6218.592 GC heap before
{Heap before GC invocations=4406 (full 112):
 PSYoungGen      total 7680K, used 2048K [0x00000000eab00000, 0x00000000eb880000, 0x0000000100000000)
  eden space 2048K, 100% used [0x00000000eab00000,0x00000000ead00000,0x00000000ead00000)
  from space 5632K, 0% used [0x00000000ead00000,0x00000000ead00000,0x00000000eb280000)
  to   space 5632K, 0% used [0x00000000eb300000,0x00000000eb300000,0x00000000eb880000)
 ParOldGen       total 396288K, used 362877K [0x00000000c0000000, 0x00000000d8300000, 0x00000000eab00000)
  object space 396288K, 91% used [0x00000000c0000000,0x00000000d625f5a0,0x00000000d8300000)
 Metaspace       used 99376K, committed 100544K, reserved 1138688K
  class space    used 10779K, committed 11328K, reserved 1048576K
}
Event: 6218.594 GC heap after
{Heap after GC invocations=4406 (full 112):
 PSYoungGen      total 4608K, used 2112K [0x00000000eab00000, 0x00000000eb580000, 0x0000000100000000)
  eden space 2048K, 0% used [0x00000000eab00000,0x00000000eab00000,0x00000000ead00000)
  from space 2560K, 82% used [0x00000000eb300000,0x00000000eb510000,0x00000000eb580000)
  to   space 3584K, 0% used [0x00000000eae80000,0x00000000eae80000,0x00000000eb200000)
 ParOldGen       total 396288K, used 362877K [0x00000000c0000000, 0x00000000d8300000, 0x00000000eab00000)
  object space 396288K, 91% used [0x00000000c0000000,0x00000000d625f5a0,0x00000000d8300000)
 Metaspace       used 99376K, committed 100544K, reserved 1138688K
  class space    used 10779K, committed 11328K, reserved 1048576K
}
Event: 6218.596 GC heap before
{Heap before GC invocations=4407 (full 112):
 PSYoungGen      total 4608K, used 4160K [0x00000000eab00000, 0x00000000eb580000, 0x0000000100000000)
  eden space 2048K, 100% used [0x00000000eab00000,0x00000000ead00000,0x00000000ead00000)
  from space 2560K, 82% used [0x00000000eb300000,0x00000000eb510000,0x00000000eb580000)
  to   space 3584K, 0% used [0x00000000eae80000,0x00000000eae80000,0x00000000eb200000)
 ParOldGen       total 396288K, used 362877K [0x00000000c0000000, 0x00000000d8300000, 0x00000000eab00000)
  object space 396288K, 91% used [0x00000000c0000000,0x00000000d625f5a0,0x00000000d8300000)
 Metaspace       used 99376K, committed 100544K, reserved 1138688K
  class space    used 10779K, committed 11328K, reserved 1048576K
}
Event: 6218.599 GC heap after
{Heap after GC invocations=4407 (full 112):
 PSYoungGen      total 5120K, used 2112K [0x00000000eab00000, 0x00000000eb380000, 0x0000000100000000)
  eden space 2560K, 0% used [0x00000000eab00000,0x00000000eab00000,0x00000000ead80000)
  from space 2560K, 82% used [0x00000000eae80000,0x00000000eb090000,0x00000000eb100000)
  to   space 2560K, 0% used [0x00000000eb100000,0x00000000eb100000,0x00000000eb380000)
 ParOldGen       total 396288K, used 364933K [0x00000000c0000000, 0x00000000d8300000, 0x00000000eab00000)
  object space 396288K, 92% used [0x00000000c0000000,0x00000000d64615a0,0x00000000d8300000)
 Metaspace       used 99376K, committed 100544K, reserved 1138688K
  class space    used 10779K, committed 11328K, reserved 1048576K
}
Event: 6218.602 GC heap before
{Heap before GC invocations=4408 (full 112):
 PSYoungGen      total 5120K, used 4672K [0x00000000eab00000, 0x00000000eb380000, 0x0000000100000000)
  eden space 2560K, 100% used [0x00000000eab00000,0x00000000ead80000,0x00000000ead80000)
  from space 2560K, 82% used [0x00000000eae80000,0x00000000eb090000,0x00000000eb100000)
  to   space 2560K, 0% used [0x00000000eb100000,0x00000000eb100000,0x00000000eb380000)
 ParOldGen       total 396288K, used 364933K [0x00000000c0000000, 0x00000000d8300000, 0x00000000eab00000)
  object space 396288K, 92% used [0x00000000c0000000,0x00000000d64615a0,0x00000000d8300000)
 Metaspace       used 99376K, committed 100544K, reserved 1138688K
  class space    used 10779K, committed 11328K, reserved 1048576K
}
Event: 6218.605 GC heap after
{Heap after GC invocations=4408 (full 112):
 PSYoungGen      total 3584K, used 2560K [0x00000000eab00000, 0x00000000eb800000, 0x0000000100000000)
  eden space 1024K, 0% used [0x00000000eab00000,0x00000000eab00000,0x00000000eac00000)
  from space 2560K, 100% used [0x00000000eb100000,0x00000000eb380000,0x00000000eb380000)
  to   space 5120K, 0% used [0x00000000eac00000,0x00000000eac00000,0x00000000eb100000)
 ParOldGen       total 396288K, used 367021K [0x00000000c0000000, 0x00000000d8300000, 0x00000000eab00000)
  object space 396288K, 92% used [0x00000000c0000000,0x00000000d666b5a0,0x00000000d8300000)
 Metaspace       used 99376K, committed 100544K, reserved 1138688K
  class space    used 10779K, committed 11328K, reserved 1048576K
}
Event: 6218.606 GC heap before
{Heap before GC invocations=4409 (full 112):
 PSYoungGen      total 3584K, used 3584K [0x00000000eab00000, 0x00000000eb800000, 0x0000000100000000)
  eden space 1024K, 100% used [0x00000000eab00000,0x00000000eac00000,0x00000000eac00000)
  from space 2560K, 100% used [0x00000000eb100000,0x00000000eb380000,0x00000000eb380000)
  to   space 5120K, 0% used [0x00000000eac00000,0x00000000eac00000,0x00000000eb100000)
 ParOldGen       total 396288K, used 367021K [0x00000000c0000000, 0x00000000d8300000, 0x00000000eab00000)
  object space 396288K, 92% used [0x00000000c0000000,0x00000000d666b5a0,0x00000000d8300000)
 Metaspace       used 99376K, committed 100544K, reserved 1138688K
  class space    used 10779K, committed 11328K, reserved 1048576K
}
Event: 6218.609 GC heap after
{Heap after GC invocations=4409 (full 112):
 PSYoungGen      total 2560K, used 1120K [0x00000000eab00000, 0x00000000eb180000, 0x0000000100000000)
  eden space 1024K, 0% used [0x00000000eab00000,0x00000000eab00000,0x00000000eac00000)
  from space 1536K, 72% used [0x00000000eac00000,0x00000000ead18000,0x00000000ead80000)
  to   space 2560K, 0% used [0x00000000eaf00000,0x00000000eaf00000,0x00000000eb180000)
 ParOldGen       total 396288K, used 369549K [0x00000000c0000000, 0x00000000d8300000, 0x00000000eab00000)
  object space 396288K, 93% used [0x00000000c0000000,0x00000000d68e35a0,0x00000000d8300000)
 Metaspace       used 99376K, committed 100544K, reserved 1138688K
  class space    used 10779K, committed 11328K, reserved 1048576K
}
Event: 6218.610 GC heap before
{Heap before GC invocations=4410 (full 112):
 PSYoungGen      total 2560K, used 2144K [0x00000000eab00000, 0x00000000eb180000, 0x0000000100000000)
  eden space 1024K, 100% used [0x00000000eab00000,0x00000000eac00000,0x00000000eac00000)
  from space 1536K, 72% used [0x00000000eac00000,0x00000000ead18000,0x00000000ead80000)
  to   space 2560K, 0% used [0x00000000eaf00000,0x00000000eaf00000,0x00000000eb180000)
 ParOldGen       total 396288K, used 369549K [0x00000000c0000000, 0x00000000d8300000, 0x00000000eab00000)
  object space 396288K, 93% used [0x00000000c0000000,0x00000000d68e35a0,0x00000000d8300000)
 Metaspace       used 99376K, committed 100544K, reserved 1138688K
  class space    used 10779K, committed 11328K, reserved 1048576K
}
Event: 6218.612 GC heap after
{Heap after GC invocations=4410 (full 112):
 PSYoungGen      total 3072K, used 1152K [0x00000000eab00000, 0x00000000eb080000, 0x0000000100000000)
  eden space 1536K, 0% used [0x00000000eab00000,0x00000000eab00000,0x00000000eac80000)
  from space 1536K, 75% used [0x00000000eaf00000,0x00000000eb020000,0x00000000eb080000)
  to   space 1536K, 0% used [0x00000000ead80000,0x00000000ead80000,0x00000000eaf00000)
 ParOldGen       total 396288K, used 370581K [0x00000000c0000000, 0x00000000d8300000, 0x00000000eab00000)
  object space 396288K, 93% used [0x00000000c0000000,0x00000000d69e55a0,0x00000000d8300000)
 Metaspace       used 99376K, committed 100544K, reserved 1138688K
  class space    used 10779K, committed 11328K, reserved 1048576K
}
Event: 6218.614 GC heap before
{Heap before GC invocations=4411 (full 112):
 PSYoungGen      total 3072K, used 2688K [0x00000000eab00000, 0x00000000eb080000, 0x0000000100000000)
  eden space 1536K, 100% used [0x00000000eab00000,0x00000000eac80000,0x00000000eac80000)
  from space 1536K, 75% used [0x00000000eaf00000,0x00000000eb020000,0x00000000eb080000)
  to   space 1536K, 0% used [0x00000000ead80000,0x00000000ead80000,0x00000000eaf00000)
 ParOldGen       total 396288K, used 370581K [0x00000000c0000000, 0x00000000d8300000, 0x00000000eab00000)
  object space 396288K, 93% used [0x00000000c0000000,0x00000000d69e55a0,0x00000000d8300000)
 Metaspace       used 99376K, committed 100544K, reserved 1138688K
  class space    used 10779K, committed 11328K, reserved 1048576K
}
Event: 6218.617 GC heap after
{Heap after GC invocations=4411 (full 112):
 PSYoungGen      total 3584K, used 1536K [0x00000000eab00000, 0x00000000eb300000, 0x0000000100000000)
  eden space 2048K, 0% used [0x00000000eab00000,0x00000000eab00000,0x00000000ead00000)
  from space 1536K, 100% used [0x00000000ead80000,0x00000000eaf00000,0x00000000eaf00000)
  to   space 3072K, 0% used [0x00000000eb000000,0x00000000eb000000,0x00000000eb300000)
 ParOldGen       total 396288K, used 371661K [0x00000000c0000000, 0x00000000d8300000, 0x00000000eab00000)
  object space 396288K, 93% used [0x00000000c0000000,0x00000000d6af35a0,0x00000000d8300000)
 Metaspace       used 99376K, committed 100544K, reserved 1138688K
  class space    used 10779K, committed 11328K, reserved 1048576K
}
Event: 6218.622 GC heap before
{Heap before GC invocations=4412 (full 112):
 PSYoungGen      total 3584K, used 3584K [0x00000000eab00000, 0x00000000eb300000, 0x0000000100000000)
  eden space 2048K, 100% used [0x00000000eab00000,0x00000000ead00000,0x00000000ead00000)
  from space 1536K, 100% used [0x00000000ead80000,0x00000000eaf00000,0x00000000eaf00000)
  to   space 3072K, 0% used [0x00000000eb000000,0x00000000eb000000,0x00000000eb300000)
 ParOldGen       total 396288K, used 371661K [0x00000000c0000000, 0x00000000d8300000, 0x00000000eab00000)
  object space 396288K, 93% used [0x00000000c0000000,0x00000000d6af35a0,0x00000000d8300000)
 Metaspace       used 99376K, committed 100544K, reserved 1138688K
  class space    used 10779K, committed 11328K, reserved 1048576K
}
Event: 6218.625 GC heap after
{Heap after GC invocations=4412 (full 112):
 PSYoungGen      total 4608K, used 1700K [0x00000000eab00000, 0x00000000eb200000, 0x0000000100000000)
  eden space 2560K, 0% used [0x00000000eab00000,0x00000000eab00000,0x00000000ead80000)
  from space 2048K, 83% used [0x00000000eb000000,0x00000000eb1a9000,0x00000000eb200000)
  to   space 2048K, 0% used [0x00000000eae00000,0x00000000eae00000,0x00000000eb000000)
 ParOldGen       total 396288K, used 373157K [0x00000000c0000000, 0x00000000d8300000, 0x00000000eab00000)
  object space 396288K, 94% used [0x00000000c0000000,0x00000000d6c695a0,0x00000000d8300000)
 Metaspace       used 99376K, committed 100544K, reserved 1138688K
  class space    used 10779K, committed 11328K, reserved 1048576K
}
Event: 6218.627 GC heap before
{Heap before GC invocations=4413 (full 112):
 PSYoungGen      total 4608K, used 3921K [0x00000000eab00000, 0x00000000eb200000, 0x0000000100000000)
  eden space 2560K, 86% used [0x00000000eab00000,0x00000000ead2b458,0x00000000ead80000)
  from space 2048K, 83% used [0x00000000eb000000,0x00000000eb1a9000,0x00000000eb200000)
  to   space 2048K, 0% used [0x00000000eae00000,0x00000000eae00000,0x00000000eb000000)
 ParOldGen       total 396288K, used 373157K [0x00000000c0000000, 0x00000000d8300000, 0x00000000eab00000)
  object space 396288K, 94% used [0x00000000c0000000,0x00000000d6c695a0,0x00000000d8300000)
 Metaspace       used 99378K, committed 100544K, reserved 1138688K
  class space    used 10779K, committed 11328K, reserved 1048576K
}
Event: 6218.629 GC heap after
{Heap after GC invocations=4413 (full 112):
 PSYoungGen      total 5120K, used 1821K [0x00000000eab00000, 0x00000000eb200000, 0x0000000100000000)
  eden space 3072K, 0% used [0x00000000eab00000,0x00000000eab00000,0x00000000eae00000)
  from space 2048K, 88% used [0x00000000eae00000,0x00000000eafc7588,0x00000000eb000000)
  to   space 2048K, 0% used [0x00000000eb000000,0x00000000eb000000,0x00000000eb200000)
 ParOldGen       total 396288K, used 374737K [0x00000000c0000000, 0x00000000d8300000, 0x00000000eab00000)
  object space 396288K, 94% used [0x00000000c0000000,0x00000000d6df45a0,0x00000000d8300000)
 Metaspace       used 99378K, committed 100544K, reserved 1138688K
  class space    used 10779K, committed 11328K, reserved 1048576K
}
Event: 6218.630 GC heap before
{Heap before GC invocations=4414 (full 112):
 PSYoungGen      total 5120K, used 4866K [0x00000000eab00000, 0x00000000eb200000, 0x0000000100000000)
  eden space 3072K, 99% used [0x00000000eab00000,0x00000000eadf9448,0x00000000eae00000)
  from space 2048K, 88% used [0x00000000eae00000,0x00000000eafc7588,0x00000000eb000000)
  to   space 2048K, 0% used [0x00000000eb000000,0x00000000eb000000,0x00000000eb200000)
 ParOldGen       total 396288K, used 374737K [0x00000000c0000000, 0x00000000d8300000, 0x00000000eab00000)
  object space 396288K, 94% used [0x00000000c0000000,0x00000000d6df45a0,0x00000000d8300000)
 Metaspace       used 99378K, committed 100544K, reserved 1138688K
  class space    used 10779K, committed 11328K, reserved 1048576K
}

